<?xml version="1.0" encoding="UTF-8"?>
<!-- Generated by org.testng.reporters.JUnitReportReporter -->
<testsuite hostname="DESKTOP-LQQUFBA" failures="0" tests="1" name="com.auto.learn.testrunner.TestRunner$TestRunnner" time="6.732" errors="0" timestamp="2023-07-15T18:00:06 IST" skipped="0">
  <testcase classname="com.auto.learn.testrunner.TestRunner$TestRunnner" name="runScenario" time="6.732"/>
  <system-out/>
</testsuite> <!-- com.auto.learn.testrunner.TestRunner$TestRunnner -->
